INFO:root:Creating URL list
INFO:root:Finished Reading The File
INFO:root:Grouping URLs
INFO:root:Making Group for content.ad
INFO:root:Added content.ad To the domain list
INFO:root:Making Group for googlesyndication.com
INFO:root:Added googlesyndication.com To the domain list
INFO:root:Making Group for onscroll.com
INFO:root:Added onscroll.com To the domain list
INFO:root:Making Group for g.doubleclick.net
INFO:root:Added g.doubleclick.net To the domain list
INFO:root:Making Group for adnxs.com
INFO:root:Added adnxs.com To the domain list
INFO:root:Making Group for pubmatic.com
INFO:root:Added pubmatic.com To the domain list
INFO:root:Making Group for pictela.net
INFO:root:Added pictela.net To the domain list
INFO:root:Making Group for adtechus.com
INFO:root:Added adtechus.com To the domain list
INFO:root:Making Group for simpli.fi
INFO:root:Added simpli.fi To the domain list
INFO:root:Making Group for cloudfront.net
INFO:root:Added cloudfront.net To the domain list
INFO:root:Making Group for criteo.com
INFO:root:Added criteo.com To the domain list
INFO:root:Making Group for dotomi.com
INFO:root:Added dotomi.com To the domain list
INFO:root:Making Group for ny.us.criteo.com
INFO:root:Added ny.us.criteo.com To the domain list
INFO:root:Making Group for serving-sys.com
INFO:root:Added serving-sys.com To the domain list
INFO:root:Making Group for adsafeprotected.com
INFO:root:Added adsafeprotected.com To the domain list
INFO:root:Making Group for mathtag.com
INFO:root:Added mathtag.com To the domain list
INFO:root:Making Group for doubleverify.com
INFO:root:Added doubleverify.com To the domain list
INFO:root:Making Group for betrad.com
INFO:root:Added betrad.com To the domain list
INFO:root:Making Group for gstatic.com
INFO:root:Added gstatic.com To the domain list
INFO:root:Making Group for revcontent.com
INFO:root:Added revcontent.com To the domain list
INFO:root:Making Group for facebook.com
INFO:root:Added facebook.com To the domain list
INFO:root:Making Group for taboola.com
INFO:root:Added taboola.com To the domain list
INFO:root:Making Group for atdmt.com
INFO:root:Added atdmt.com To the domain list
INFO:root:Making Group for scorecardresearch.com
INFO:root:Added scorecardresearch.com To the domain list
INFO:root:Making Group for samplicio.us
INFO:root:Added samplicio.us To the domain list
INFO:root:Making Group for lijit.com
INFO:root:Added lijit.com To the domain list
INFO:root:Making Group for flashtalking.com
INFO:root:Added flashtalking.com To the domain list
INFO:root:Making Group for nexac.com
INFO:root:Added nexac.com To the domain list
INFO:root:Making Group for adbrn.com
INFO:root:Added adbrn.com To the domain list
INFO:root:Making Group for placed.com
INFO:root:Added placed.com To the domain list
INFO:root:Making Group for rlcdn.com
INFO:root:Added rlcdn.com To the domain list
INFO:root:Making Group for lkqd.net
INFO:root:Added lkqd.net To the domain list
INFO:root:Making Group for btrll.com
INFO:root:Added btrll.com To the domain list
INFO:root:Making Group for adaptv.advertising.com
INFO:root:Added adaptv.advertising.com To the domain list
INFO:root:Making Group for anyclip.com
INFO:root:Added anyclip.com To the domain list
INFO:root:Making Group for dashbida.com
INFO:root:Added dashbida.com To the domain list
INFO:root:Making Group for ssp.optimatic.com
INFO:root:Added ssp.optimatic.com To the domain list
INFO:root:Making Group for optimatic.com
INFO:root:Added optimatic.com To the domain list
INFO:root:Making Group for vdopia.com
INFO:root:Added vdopia.com To the domain list
INFO:root:Making Group for adsrvr.org
INFO:root:Added adsrvr.org To the domain list
INFO:root:Making Group for insightexpressai.com
INFO:root:Added insightexpressai.com To the domain list
INFO:root:Making Group for truste.com
INFO:root:Added truste.com To the domain list
INFO:root:Making Group for lga.contextweb.com
INFO:root:Added lga.contextweb.com To the domain list
INFO:root:Making Group for adap.tv
INFO:root:Added adap.tv To the domain list
INFO:root:Making Group for doubleclick.net
INFO:root:Added doubleclick.net To the domain list
INFO:root:Making Group for thirdpresence.com
INFO:root:Added thirdpresence.com To the domain list
INFO:root:Making Group for us1.dyntrk.com
INFO:root:Added us1.dyntrk.com To the domain list
INFO:root:Making Group for quantserve.com
INFO:root:Added quantserve.com To the domain list
INFO:root:Making Group for tidaltv.com
INFO:root:Added tidaltv.com To the domain list
INFO:root:Making Group for pixel.invitemedia.com
INFO:root:Added pixel.invitemedia.com To the domain list
INFO:root:Making Group for adotube.com
INFO:root:Added adotube.com To the domain list
INFO:root:Making Group for revsci.net
INFO:root:Added revsci.net To the domain list
INFO:root:Making Group for rfihub.com
INFO:root:Added rfihub.com To the domain list
INFO:root:Making Group for gwallet.com
INFO:root:Added gwallet.com To the domain list
INFO:root:Making Group for yashi.com
INFO:root:Added yashi.com To the domain list
INFO:root:Making Group for chango.com
INFO:root:Added chango.com To the domain list
INFO:root:Making Group for visiblemeasures.com
INFO:root:Added visiblemeasures.com To the domain list
INFO:root:Making Group for ybp.yahoo.com
INFO:root:Added ybp.yahoo.com To the domain list
INFO:root:Making Group for virool.com
INFO:root:Added virool.com To the domain list
INFO:root:Making Group for tekblue.net
INFO:root:Added tekblue.net To the domain list
INFO:root:Making Group for de17a.com
INFO:root:Added de17a.com To the domain list
INFO:root:Making Group for videohub.tv
INFO:root:Added videohub.tv To the domain list
INFO:root:Making Group for yieldoptimizer.com
INFO:root:Added yieldoptimizer.com To the domain list
INFO:root:Making Group for opendsp.com
INFO:root:Added opendsp.com To the domain list
INFO:root:Making Group for mxptint.net
INFO:root:Added mxptint.net To the domain list
INFO:root:Making Group for bnmla.com
INFO:root:Added bnmla.com To the domain list
INFO:root:Making Group for springserve.com
INFO:root:Added springserve.com To the domain list
INFO:root:Making Group for sync.yume.com
INFO:root:Added sync.yume.com To the domain list
INFO:root:Making Group for prod.bidr.io
INFO:root:Added prod.bidr.io To the domain list
INFO:root:Making Group for rtb.adx1.com
INFO:root:Added rtb.adx1.com To the domain list
INFO:root:Making Group for cdns.turn.com
INFO:root:Added cdns.turn.com To the domain list
INFO:root:Making Group for 2mdn.net
INFO:root:Added 2mdn.net To the domain list
INFO:root:Generating scores
INFO:root:Splitting Groups
INFO:root:Checking if the group can compress
INFO:root:Generating scores
INFO:root:Splitting Groups
INFO:root:Checking if the group can compress
INFO:root:Making Group for googlesyndication.com
INFO:root:Making Group for googlesyndication.com
ERROR:root:Error With Getting scores of id1 and id3 and id99
ERROR:root:Error With Getting scores of id4 and id3 and id99
ERROR:root:Error With Getting scores of id6 and id3 and id99
ERROR:root:Error With Getting scores of id8 and id3 and id99
ERROR:root:Error With Getting scores of id115 and id3 and id99
ERROR:root:Error With Getting scores of id139 and id3 and id99
ERROR:root:Error With Getting scores of id250 and id3 and id99
ERROR:root:KeyError when trying to get the score for id471 and id3
ERROR:root:KeyError when trying to get the score for id471 and id99
ERROR:root:Error With Getting scores of id471 and id3 and id99
INFO:root:Creating Children Of Children
INFO:root:Checking if the group can compress
INFO:root:Checking if the group can compress
INFO:root:Generating scores
INFO:root:Splitting Groups
INFO:root:Checking if the group can compress
INFO:root:Generating scores
INFO:root:Splitting Groups
INFO:root:Checking if the group can compress
INFO:root:Making Group for g.doubleclick.net
INFO:root:Making Group for g.doubleclick.net
ERROR:root:Error With Getting scores of id7 and id5 and id317
ERROR:root:Error With Getting scores of id10 and id5 and id317
ERROR:root:Error With Getting scores of id13 and id5 and id317
ERROR:root:Error With Getting scores of id17 and id5 and id317
ERROR:root:Error With Getting scores of id76 and id5 and id317
ERROR:root:Error With Getting scores of id77 and id5 and id317
ERROR:root:Error With Getting scores of id78 and id5 and id317
ERROR:root:Error With Getting scores of id81 and id5 and id317
ERROR:root:Error With Getting scores of id82 and id5 and id317
ERROR:root:Error With Getting scores of id83 and id5 and id317
ERROR:root:Error With Getting scores of id86 and id5 and id317
ERROR:root:Error With Getting scores of id87 and id5 and id317
ERROR:root:Error With Getting scores of id88 and id5 and id317
ERROR:root:Error With Getting scores of id89 and id5 and id317
ERROR:root:Error With Getting scores of id90 and id5 and id317
ERROR:root:Error With Getting scores of id91 and id5 and id317
ERROR:root:Error With Getting scores of id105 and id5 and id317
ERROR:root:Error With Getting scores of id106 and id5 and id317
ERROR:root:Error With Getting scores of id118 and id5 and id317
ERROR:root:Error With Getting scores of id119 and id5 and id317
ERROR:root:Error With Getting scores of id129 and id5 and id317
ERROR:root:Error With Getting scores of id130 and id5 and id317
ERROR:root:Error With Getting scores of id132 and id5 and id317
ERROR:root:Error With Getting scores of id138 and id5 and id317
ERROR:root:Error With Getting scores of id145 and id5 and id317
ERROR:root:Error With Getting scores of id150 and id5 and id317
ERROR:root:Error With Getting scores of id153 and id5 and id317
ERROR:root:Error With Getting scores of id166 and id5 and id317
ERROR:root:Error With Getting scores of id167 and id5 and id317
ERROR:root:Error With Getting scores of id168 and id5 and id317
ERROR:root:Error With Getting scores of id170 and id5 and id317
ERROR:root:Error With Getting scores of id176 and id5 and id317
ERROR:root:Error With Getting scores of id177 and id5 and id317
ERROR:root:Error With Getting scores of id178 and id5 and id317
ERROR:root:Error With Getting scores of id179 and id5 and id317
ERROR:root:Error With Getting scores of id180 and id5 and id317
ERROR:root:Error With Getting scores of id181 and id5 and id317
ERROR:root:Error With Getting scores of id183 and id5 and id317
ERROR:root:Error With Getting scores of id185 and id5 and id317
ERROR:root:Error With Getting scores of id187 and id5 and id317
ERROR:root:Error With Getting scores of id190 and id5 and id317
ERROR:root:Error With Getting scores of id191 and id5 and id317
ERROR:root:Error With Getting scores of id192 and id5 and id317
ERROR:root:Error With Getting scores of id193 and id5 and id317
ERROR:root:Error With Getting scores of id195 and id5 and id317
ERROR:root:Error With Getting scores of id196 and id5 and id317
ERROR:root:Error With Getting scores of id197 and id5 and id317
ERROR:root:Error With Getting scores of id203 and id5 and id317
ERROR:root:Error With Getting scores of id245 and id5 and id317
ERROR:root:Error With Getting scores of id246 and id5 and id317
ERROR:root:Error With Getting scores of id247 and id5 and id317
ERROR:root:Error With Getting scores of id249 and id5 and id317
ERROR:root:Error With Getting scores of id256 and id5 and id317
ERROR:root:Error With Getting scores of id257 and id5 and id317
ERROR:root:Error With Getting scores of id259 and id5 and id317
ERROR:root:Error With Getting scores of id260 and id5 and id317
ERROR:root:Error With Getting scores of id263 and id5 and id317
ERROR:root:Error With Getting scores of id300 and id5 and id317
ERROR:root:Error With Getting scores of id301 and id5 and id317
ERROR:root:Error With Getting scores of id302 and id5 and id317
ERROR:root:Error With Getting scores of id305 and id5 and id317
ERROR:root:Error With Getting scores of id306 and id5 and id317
ERROR:root:Error With Getting scores of id307 and id5 and id317
ERROR:root:Error With Getting scores of id316 and id5 and id317
ERROR:root:Error With Getting scores of id318 and id5 and id317
ERROR:root:Error With Getting scores of id328 and id5 and id317
ERROR:root:Error With Getting scores of id329 and id5 and id317
ERROR:root:Error With Getting scores of id330 and id5 and id317
ERROR:root:Error With Getting scores of id338 and id5 and id317
ERROR:root:Error With Getting scores of id470 and id5 and id317
ERROR:root:Error With Getting scores of id472 and id5 and id317
ERROR:root:Error With Getting scores of id473 and id5 and id317
ERROR:root:Error With Getting scores of id474 and id5 and id317
ERROR:root:Error With Getting scores of id475 and id5 and id317
ERROR:root:Error With Getting scores of id479 and id5 and id317
ERROR:root:Error With Getting scores of id480 and id5 and id317
ERROR:root:Error With Getting scores of id482 and id5 and id317
ERROR:root:Error With Getting scores of id483 and id5 and id317
ERROR:root:Error With Getting scores of id496 and id5 and id317
ERROR:root:Error With Getting scores of id501 and id5 and id317
ERROR:root:Error With Getting scores of id509 and id5 and id317
ERROR:root:Error With Getting scores of id514 and id5 and id317
ERROR:root:Error With Getting scores of id515 and id5 and id317
ERROR:root:Error With Getting scores of id602 and id5 and id317
ERROR:root:Error With Getting scores of id641 and id5 and id317
ERROR:root:Error With Getting scores of id642 and id5 and id317
ERROR:root:Error With Getting scores of id643 and id5 and id317
ERROR:root:Error With Getting scores of id652 and id5 and id317
ERROR:root:Error With Getting scores of id653 and id5 and id317
ERROR:root:Error With Getting scores of id654 and id5 and id317
ERROR:root:Error With Getting scores of id667 and id5 and id317
ERROR:root:Error With Getting scores of id668 and id5 and id317
ERROR:root:Error With Getting scores of id669 and id5 and id317
ERROR:root:Error With Getting scores of id671 and id5 and id317
ERROR:root:Error With Getting scores of id686 and id5 and id317
ERROR:root:Error With Getting scores of id687 and id5 and id317
ERROR:root:KeyError when trying to get the score for id688 and id5
ERROR:root:KeyError when trying to get the score for id688 and id317
ERROR:root:Error With Getting scores of id688 and id5 and id317
INFO:root:Creating Children Of Children
INFO:root:Checking if the group can compress
INFO:root:Checking if the group can compress
INFO:root:Generating scores
INFO:root:Splitting Groups
INFO:root:Checking if the group can compress
INFO:root:Making Group for adnxs.com
INFO:root:Making Group for adnxs.com
ERROR:root:Error With Getting scores of id12 and id9 and id11
ERROR:root:Error With Getting scores of id14 and id9 and id11
ERROR:root:Error With Getting scores of id59 and id9 and id11
ERROR:root:Error With Getting scores of id93 and id9 and id11
ERROR:root:Error With Getting scores of id113 and id9 and id11
ERROR:root:Error With Getting scores of id137 and id9 and id11
ERROR:root:Error With Getting scores of id219 and id9 and id11
ERROR:root:Error With Getting scores of id277 and id9 and id11
ERROR:root:Error With Getting scores of id336 and id9 and id11
ERROR:root:Error With Getting scores of id355 and id9 and id11
ERROR:root:Error With Getting scores of id356 and id9 and id11
ERROR:root:Error With Getting scores of id558 and id9 and id11
ERROR:root:Error With Getting scores of id566 and id9 and id11
ERROR:root:Error With Getting scores of id634 and id9 and id11
ERROR:root:Error With Getting scores of id635 and id9 and id11
ERROR:root:Error With Getting scores of id657 and id9 and id11
ERROR:root:Error With Getting scores of id661 and id9 and id11
ERROR:root:Error With Getting scores of id689 and id9 and id11
ERROR:root:Error With Getting scores of id690 and id9 and id11
ERROR:root:KeyError when trying to get the score for id692 and id9
ERROR:root:KeyError when trying to get the score for id692 and id11
ERROR:root:Error With Getting scores of id692 and id9 and id11
INFO:root:Creating Children Of Children
INFO:root:Checking if the group can compress
INFO:root:Checking if the group can compress
INFO:root:Generating scores
INFO:root:Splitting Groups
INFO:root:Checking if the group can compress
INFO:root:Making Group for pubmatic.com
INFO:root:Making Group for pubmatic.com
ERROR:root:Error With Getting scores of id20 and id18 and id19
ERROR:root:KeyError when trying to get the score for id92 and id18
ERROR:root:KeyError when trying to get the score for id92 and id19
ERROR:root:Error With Getting scores of id92 and id18 and id19
INFO:root:Creating Children Of Children
INFO:root:Checking if the group can compress
INFO:root:Checking if the group can compress
INFO:root:Generating scores
INFO:root:Splitting Groups
INFO:root:Generating scores
INFO:root:Splitting Groups
INFO:root:Checking if the group can compress
INFO:root:Generating scores
INFO:root:Splitting Groups
INFO:root:Checking if the group can compress
INFO:root:Generating scores
INFO:root:Splitting Groups
INFO:root:Checking if the group can compress
INFO:root:Generating scores
INFO:root:Splitting Groups
INFO:root:Generating scores
INFO:root:Splitting Groups
INFO:root:Generating scores
INFO:root:Splitting Groups
INFO:root:Checking if the group can compress
INFO:root:Generating scores
INFO:root:Splitting Groups
INFO:root:Checking if the group can compress
INFO:root:Making Group for serving-sys.com
INFO:root:Making Group for serving-sys.com
ERROR:root:Error With Getting scores of id110 and id109 and id346
ERROR:root:Error With Getting scores of id345 and id109 and id346
ERROR:root:KeyError when trying to get the score for id347 and id109
ERROR:root:KeyError when trying to get the score for id347 and id346
ERROR:root:Error With Getting scores of id347 and id109 and id346
INFO:root:Creating Children Of Children
INFO:root:Checking if the group can compress
INFO:root:Checking if the group can compress
INFO:root:Generating scores
INFO:root:Splitting Groups
INFO:root:Checking if the group can compress
INFO:root:Making Group for adsafeprotected.com
INFO:root:Making Group for adsafeprotected.com
ERROR:root:Error With Getting scores of id662 and id111 and id658
ERROR:root:Error With Getting scores of id677 and id111 and id658
ERROR:root:KeyError when trying to get the score for id681 and id111
ERROR:root:KeyError when trying to get the score for id681 and id658
ERROR:root:Error With Getting scores of id681 and id111 and id658
INFO:root:Creating Children Of Children
INFO:root:Checking if the group can compress
INFO:root:Checking if the group can compress
INFO:root:Generating scores
INFO:root:Splitting Groups
INFO:root:Generating scores
INFO:root:Splitting Groups
INFO:root:Checking if the group can compress
INFO:root:Making Group for doubleverify.com
INFO:root:Making Group for doubleverify.com
ERROR:root:Error With Getting scores of id285 and id206 and id693
ERROR:root:Error With Getting scores of id660 and id206 and id693
ERROR:root:KeyError when trying to get the score for id695 and id206
ERROR:root:KeyError when trying to get the score for id695 and id693
ERROR:root:Error With Getting scores of id695 and id206 and id693
INFO:root:Creating Children Of Children
INFO:root:Checking if the group can compress
INFO:root:Checking if the group can compress
INFO:root:Generating scores
INFO:root:Splitting Groups
INFO:root:Checking if the group can compress
INFO:root:Generating scores
INFO:root:Splitting Groups
INFO:root:Generating scores
INFO:root:Splitting Groups
INFO:root:Checking if the group can compress
INFO:root:Making Group for revcontent.com
INFO:root:Making Group for revcontent.com
ERROR:root:Error With Getting scores of id254 and id251 and id253
ERROR:root:Error With Getting scores of id255 and id251 and id253
ERROR:root:Error With Getting scores of id258 and id251 and id253
ERROR:root:Error With Getting scores of id334 and id251 and id253
ERROR:root:Error With Getting scores of id467 and id251 and id253
ERROR:root:Error With Getting scores of id506 and id251 and id253
ERROR:root:KeyError when trying to get the score for id638 and id251
ERROR:root:KeyError when trying to get the score for id638 and id253
ERROR:root:Error With Getting scores of id638 and id251 and id253
INFO:root:Creating Children Of Children
INFO:root:Checking if the group can compress
INFO:root:Checking if the group can compress
INFO:root:Generating scores
INFO:root:Splitting Groups
INFO:root:Checking if the group can compress
INFO:root:Generating scores
INFO:root:Splitting Groups
INFO:root:Checking if the group can compress
INFO:root:Generating scores
INFO:root:Splitting Groups
INFO:root:Checking if the group can compress
INFO:root:Making Group for atdmt.com
INFO:root:Making Group for atdmt.com
ERROR:root:KeyError when trying to get the score for id284 and id282
ERROR:root:KeyError when trying to get the score for id284 and id283
ERROR:root:Error With Getting scores of id284 and id282 and id283
INFO:root:Creating Children Of Children
INFO:root:Checking if the group can compress
INFO:root:Checking if the group can compress
INFO:root:Generating scores
INFO:root:Splitting Groups
INFO:root:Checking if the group can compress
INFO:root:Making Group for scorecardresearch.com
INFO:root:Making Group for scorecardresearch.com
ERROR:root:KeyError when trying to get the score for id659 and id286
ERROR:root:KeyError when trying to get the score for id659 and id287
ERROR:root:Error With Getting scores of id659 and id286 and id287
INFO:root:Creating Children Of Children
INFO:root:Checking if the group can compress
INFO:root:Checking if the group can compress
INFO:root:Generating scores
INFO:root:Splitting Groups
INFO:root:Generating scores
INFO:root:Splitting Groups
INFO:root:Checking if the group can compress
INFO:root:Making Group for lijit.com
INFO:root:Making Group for lijit.com
ERROR:root:Error With Getting scores of id314 and id312 and id313
ERROR:root:Error With Getting scores of id319 and id312 and id313
ERROR:root:Error With Getting scores of id320 and id312 and id313
ERROR:root:Error With Getting scores of id321 and id312 and id313
ERROR:root:Error With Getting scores of id322 and id312 and id313
ERROR:root:Error With Getting scores of id325 and id312 and id313
ERROR:root:KeyError when trying to get the score for id493 and id312
ERROR:root:KeyError when trying to get the score for id493 and id313
ERROR:root:Error With Getting scores of id493 and id312 and id313
INFO:root:Creating Children Of Children
INFO:root:Checking if the group can compress
INFO:root:Checking if the group can compress
INFO:root:Generating scores
INFO:root:Splitting Groups
INFO:root:Generating scores
INFO:root:Splitting Groups
INFO:root:Checking if the group can compress
INFO:root:Generating scores
INFO:root:Splitting Groups
INFO:root:Generating scores
INFO:root:Splitting Groups
INFO:root:Generating scores
INFO:root:Splitting Groups
INFO:root:Generating scores
INFO:root:Splitting Groups
INFO:root:Checking if the group can compress
INFO:root:Making Group for lkqd.net
INFO:root:Making Group for lkqd.net
ERROR:root:Error With Getting scores of id372 and id354 and id373
ERROR:root:Error With Getting scores of id374 and id354 and id373
ERROR:root:Error With Getting scores of id375 and id354 and id373
ERROR:root:Error With Getting scores of id379 and id354 and id373
ERROR:root:Error With Getting scores of id381 and id354 and id373
ERROR:root:Error With Getting scores of id441 and id354 and id373
ERROR:root:Error With Getting scores of id442 and id354 and id373
ERROR:root:Error With Getting scores of id443 and id354 and id373
ERROR:root:Error With Getting scores of id444 and id354 and id373
ERROR:root:Error With Getting scores of id556 and id354 and id373
ERROR:root:KeyError when trying to get the score for id561 and id354
ERROR:root:KeyError when trying to get the score for id561 and id373
ERROR:root:Error With Getting scores of id561 and id354 and id373
INFO:root:Creating Children Of Children
INFO:root:Checking if the group can compress
INFO:root:Checking if the group can compress
INFO:root:Generating scores
INFO:root:Splitting Groups
INFO:root:Checking if the group can compress
INFO:root:Making Group for btrll.com
INFO:root:Making Group for btrll.com
ERROR:root:Error With Getting scores of id429 and id376 and id595
ERROR:root:Error With Getting scores of id550 and id376 and id595
ERROR:root:KeyError when trying to get the score for id610 and id376
ERROR:root:KeyError when trying to get the score for id610 and id595
ERROR:root:Error With Getting scores of id610 and id376 and id595
INFO:root:Creating Children Of Children
INFO:root:Checking if the group can compress
INFO:root:Checking if the group can compress
INFO:root:Generating scores
INFO:root:Splitting Groups
INFO:root:Checking if the group can compress
INFO:root:Making Group for adaptv.advertising.com
INFO:root:Making Group for adaptv.advertising.com
ERROR:root:Error With Getting scores of id378 and id377 and id560
ERROR:root:Error With Getting scores of id380 and id377 and id560
ERROR:root:Error With Getting scores of id382 and id377 and id560
ERROR:root:Error With Getting scores of id384 and id377 and id560
ERROR:root:Error With Getting scores of id385 and id377 and id560
ERROR:root:Error With Getting scores of id386 and id377 and id560
ERROR:root:Error With Getting scores of id387 and id377 and id560
ERROR:root:Error With Getting scores of id389 and id377 and id560
ERROR:root:Error With Getting scores of id390 and id377 and id560
ERROR:root:Error With Getting scores of id391 and id377 and id560
ERROR:root:Error With Getting scores of id392 and id377 and id560
ERROR:root:Error With Getting scores of id393 and id377 and id560
ERROR:root:Error With Getting scores of id394 and id377 and id560
ERROR:root:Error With Getting scores of id396 and id377 and id560
ERROR:root:Error With Getting scores of id397 and id377 and id560
ERROR:root:Error With Getting scores of id398 and id377 and id560
ERROR:root:Error With Getting scores of id399 and id377 and id560
ERROR:root:Error With Getting scores of id400 and id377 and id560
ERROR:root:Error With Getting scores of id402 and id377 and id560
ERROR:root:Error With Getting scores of id403 and id377 and id560
ERROR:root:Error With Getting scores of id404 and id377 and id560
ERROR:root:Error With Getting scores of id405 and id377 and id560
ERROR:root:Error With Getting scores of id407 and id377 and id560
ERROR:root:Error With Getting scores of id408 and id377 and id560
ERROR:root:Error With Getting scores of id409 and id377 and id560
ERROR:root:Error With Getting scores of id410 and id377 and id560
ERROR:root:Error With Getting scores of id411 and id377 and id560
ERROR:root:Error With Getting scores of id412 and id377 and id560
ERROR:root:Error With Getting scores of id413 and id377 and id560
ERROR:root:Error With Getting scores of id414 and id377 and id560
ERROR:root:Error With Getting scores of id415 and id377 and id560
ERROR:root:Error With Getting scores of id416 and id377 and id560
ERROR:root:Error With Getting scores of id418 and id377 and id560
ERROR:root:Error With Getting scores of id419 and id377 and id560
ERROR:root:Error With Getting scores of id421 and id377 and id560
ERROR:root:Error With Getting scores of id422 and id377 and id560
ERROR:root:Error With Getting scores of id423 and id377 and id560
ERROR:root:Error With Getting scores of id424 and id377 and id560
ERROR:root:Error With Getting scores of id425 and id377 and id560
ERROR:root:Error With Getting scores of id426 and id377 and id560
ERROR:root:Error With Getting scores of id427 and id377 and id560
ERROR:root:Error With Getting scores of id428 and id377 and id560
ERROR:root:Error With Getting scores of id430 and id377 and id560
ERROR:root:Error With Getting scores of id431 and id377 and id560
ERROR:root:Error With Getting scores of id432 and id377 and id560
ERROR:root:Error With Getting scores of id434 and id377 and id560
ERROR:root:Error With Getting scores of id435 and id377 and id560
ERROR:root:Error With Getting scores of id436 and id377 and id560
ERROR:root:Error With Getting scores of id437 and id377 and id560
ERROR:root:Error With Getting scores of id438 and id377 and id560
ERROR:root:Error With Getting scores of id439 and id377 and id560
ERROR:root:Error With Getting scores of id440 and id377 and id560
ERROR:root:Error With Getting scores of id536 and id377 and id560
ERROR:root:Error With Getting scores of id537 and id377 and id560
ERROR:root:Error With Getting scores of id538 and id377 and id560
ERROR:root:Error With Getting scores of id539 and id377 and id560
ERROR:root:Error With Getting scores of id540 and id377 and id560
ERROR:root:Error With Getting scores of id541 and id377 and id560
ERROR:root:Error With Getting scores of id542 and id377 and id560
ERROR:root:Error With Getting scores of id543 and id377 and id560
ERROR:root:Error With Getting scores of id544 and id377 and id560
ERROR:root:Error With Getting scores of id546 and id377 and id560
ERROR:root:Error With Getting scores of id547 and id377 and id560
ERROR:root:Error With Getting scores of id548 and id377 and id560
ERROR:root:Error With Getting scores of id549 and id377 and id560
ERROR:root:Error With Getting scores of id551 and id377 and id560
ERROR:root:Error With Getting scores of id552 and id377 and id560
ERROR:root:Error With Getting scores of id553 and id377 and id560
ERROR:root:Error With Getting scores of id554 and id377 and id560
ERROR:root:Error With Getting scores of id555 and id377 and id560
ERROR:root:Error With Getting scores of id557 and id377 and id560
ERROR:root:Error With Getting scores of id580 and id377 and id560
ERROR:root:Error With Getting scores of id582 and id377 and id560
ERROR:root:Error With Getting scores of id583 and id377 and id560
ERROR:root:Error With Getting scores of id584 and id377 and id560
ERROR:root:Error With Getting scores of id585 and id377 and id560
ERROR:root:Error With Getting scores of id586 and id377 and id560
ERROR:root:Error With Getting scores of id587 and id377 and id560
ERROR:root:Error With Getting scores of id588 and id377 and id560
ERROR:root:Error With Getting scores of id596 and id377 and id560
ERROR:root:Error With Getting scores of id599 and id377 and id560
ERROR:root:Error With Getting scores of id600 and id377 and id560
ERROR:root:Error With Getting scores of id601 and id377 and id560
ERROR:root:KeyError when trying to get the score for id603 and id377
ERROR:root:KeyError when trying to get the score for id603 and id560
ERROR:root:Error With Getting scores of id603 and id377 and id560
INFO:root:Creating Children Of Children
INFO:root:Checking if the group can compress
INFO:root:Checking if the group can compress
INFO:root:Generating scores
INFO:root:Splitting Groups
INFO:root:Generating scores
INFO:root:Splitting Groups
INFO:root:Checking if the group can compress
INFO:root:Generating scores
INFO:root:Splitting Groups
INFO:root:Generating scores
INFO:root:Splitting Groups
INFO:root:Generating scores
INFO:root:Splitting Groups
INFO:root:Generating scores
INFO:root:Splitting Groups
INFO:root:Generating scores
INFO:root:Splitting Groups
INFO:root:Checking if the group can compress
INFO:root:Generating scores
INFO:root:Splitting Groups
INFO:root:Checking if the group can compress
INFO:root:Generating scores
INFO:root:Splitting Groups
INFO:root:Generating scores
INFO:root:Splitting Groups
INFO:root:Checking if the group can compress
INFO:root:Generating scores
INFO:root:Splitting Groups
INFO:root:Checking if the group can compress
INFO:root:Making Group for doubleclick.net
INFO:root:Making Group for doubleclick.net
ERROR:root:Error With Getting scores of id575 and id574 and id598
ERROR:root:Error With Getting scores of id576 and id574 and id598
ERROR:root:Error With Getting scores of id577 and id574 and id598
ERROR:root:Error With Getting scores of id578 and id574 and id598
ERROR:root:Error With Getting scores of id579 and id574 and id598
ERROR:root:Error With Getting scores of id589 and id574 and id598
ERROR:root:Error With Getting scores of id590 and id574 and id598
ERROR:root:Error With Getting scores of id591 and id574 and id598
ERROR:root:Error With Getting scores of id592 and id574 and id598
ERROR:root:Error With Getting scores of id593 and id574 and id598
ERROR:root:Error With Getting scores of id594 and id574 and id598
ERROR:root:KeyError when trying to get the score for id696 and id574
ERROR:root:KeyError when trying to get the score for id696 and id598
ERROR:root:Error With Getting scores of id696 and id574 and id598
INFO:root:Creating Children Of Children
INFO:root:Checking if the group can compress
INFO:root:Checking if the group can compress
INFO:root:Generating scores
INFO:root:Splitting Groups
INFO:root:Generating scores
INFO:root:Splitting Groups
INFO:root:Checking if the group can compress
INFO:root:Generating scores
INFO:root:Splitting Groups
INFO:root:Generating scores
INFO:root:Splitting Groups
INFO:root:Generating scores
INFO:root:Splitting Groups
INFO:root:Generating scores
INFO:root:Splitting Groups
INFO:root:Generating scores
INFO:root:Splitting Groups
INFO:root:Generating scores
INFO:root:Splitting Groups
INFO:root:Generating scores
INFO:root:Splitting Groups
INFO:root:Generating scores
INFO:root:Splitting Groups
INFO:root:Generating scores
INFO:root:Splitting Groups
INFO:root:Generating scores
INFO:root:Splitting Groups
INFO:root:Generating scores
INFO:root:Splitting Groups
INFO:root:Generating scores
INFO:root:Splitting Groups
INFO:root:Generating scores
INFO:root:Splitting Groups
INFO:root:Generating scores
INFO:root:Splitting Groups
INFO:root:Generating scores
INFO:root:Splitting Groups
INFO:root:Generating scores
INFO:root:Splitting Groups
INFO:root:Generating scores
INFO:root:Splitting Groups
INFO:root:Generating scores
INFO:root:Splitting Groups
INFO:root:Generating scores
INFO:root:Splitting Groups
INFO:root:Generating scores
INFO:root:Splitting Groups
INFO:root:Generating scores
INFO:root:Splitting Groups
INFO:root:Generating scores
INFO:root:Splitting Groups
INFO:root:Generating scores
INFO:root:Splitting Groups
INFO:root:Generating scores
INFO:root:Splitting Groups
INFO:root:Generating scores
INFO:root:Splitting Groups
INFO:root:Checking if the group can compress
